<?xml version="1.0" encoding="UTF-8"?>
<!-- Generated by org.testng.reporters.JUnitReportReporter -->
<testsuite skipped="0" hostname="DESKTOP-O34S300" name="extentreportversion3.ExtentReportVersion3" tests="1" failures="0" timestamp="25 Jul 2018 14:48:01 GMT" time="0.527" errors="0">
  <testcase name="verifytitle" time="0.527" classname="extentreportversion3.ExtentReportVersion3"/>
</testsuite> <!-- extentreportversion3.ExtentReportVersion3 -->
